[2m2024-08-06T18:59:34.212+09:00[0;39m [33m WARN[0;39m [35m88921[0;39m [2m---[0;39m [2m[           main][0;39m [2m[0;39m[36morg.hibernate.orm.deprecation           [0;39m [2m:[0;39m HHH90000025: MySQL8Dialect does not need to be specified explicitly using 'hibernate.dialect' (remove the property setting and it will be selected by default)
[2m2024-08-06T18:59:34.212+09:00[0;39m [33m WARN[0;39m [35m88921[0;39m [2m---[0;39m [2m[           main][0;39m [2m[0;39m[36morg.hibernate.orm.deprecation           [0;39m [2m:[0;39m HHH90000026: MySQL8Dialect has been deprecated; use org.hibernate.dialect.MySQLDialect instead
[2m2024-08-06T18:59:34.707+09:00[0;39m [33m WARN[0;39m [35m88921[0;39m [2m---[0;39m [2m[           main][0;39m [2m[0;39m[36mJpaBaseConfiguration$JpaWebConfiguration[0;39m [2m:[0;39m spring.jpa.open-in-view is enabled by default. Therefore, database queries may be performed during view rendering. Explicitly configure spring.jpa.open-in-view to disable this warning
2024-08-06T19:01:13.320+09:00  WARN 89023 --- [    Test worker] org.hibernate.orm.deprecation            : HHH90000025: MySQL8Dialect does not need to be specified explicitly using 'hibernate.dialect' (remove the property setting and it will be selected by default)
2024-08-06T19:01:13.320+09:00  WARN 89023 --- [    Test worker] org.hibernate.orm.deprecation            : HHH90000026: MySQL8Dialect has been deprecated; use org.hibernate.dialect.MySQLDialect instead
2024-08-06T19:01:14.229+09:00  WARN 89023 --- [    Test worker] JpaBaseConfiguration$JpaWebConfiguration : spring.jpa.open-in-view is enabled by default. Therefore, database queries may be performed during view rendering. Explicitly configure spring.jpa.open-in-view to disable this warning
2024-08-06T19:01:15.512+09:00  WARN 89023 --- [    Test worker] org.hibernate.orm.deprecation            : HHH90000025: MySQL8Dialect does not need to be specified explicitly using 'hibernate.dialect' (remove the property setting and it will be selected by default)
2024-08-06T19:01:15.512+09:00  WARN 89023 --- [    Test worker] org.hibernate.orm.deprecation            : HHH90000026: MySQL8Dialect has been deprecated; use org.hibernate.dialect.MySQLDialect instead
2024-08-06T19:01:15.604+09:00  WARN 89023 --- [    Test worker] JpaBaseConfiguration$JpaWebConfiguration : spring.jpa.open-in-view is enabled by default. Therefore, database queries may be performed during view rendering. Explicitly configure spring.jpa.open-in-view to disable this warning
2024-08-06T19:01:17.056+09:00  WARN 89023 --- [    Test worker] org.hibernate.orm.deprecation            : HHH90000025: MySQL8Dialect does not need to be specified explicitly using 'hibernate.dialect' (remove the property setting and it will be selected by default)
2024-08-06T19:01:17.056+09:00  WARN 89023 --- [    Test worker] org.hibernate.orm.deprecation            : HHH90000026: MySQL8Dialect has been deprecated; use org.hibernate.dialect.MySQLDialect instead
2024-08-06T19:01:17.139+09:00  WARN 89023 --- [    Test worker] JpaBaseConfiguration$JpaWebConfiguration : spring.jpa.open-in-view is enabled by default. Therefore, database queries may be performed during view rendering. Explicitly configure spring.jpa.open-in-view to disable this warning
2024-08-06T19:01:17.790+09:00  WARN 89023 --- [    Test worker] org.hibernate.orm.deprecation            : HHH90000025: MySQL8Dialect does not need to be specified explicitly using 'hibernate.dialect' (remove the property setting and it will be selected by default)
2024-08-06T19:01:17.790+09:00  WARN 89023 --- [    Test worker] org.hibernate.orm.deprecation            : HHH90000026: MySQL8Dialect has been deprecated; use org.hibernate.dialect.MySQLDialect instead
2024-08-06T19:01:18.052+09:00  WARN 89023 --- [    Test worker] JpaBaseConfiguration$JpaWebConfiguration : spring.jpa.open-in-view is enabled by default. Therefore, database queries may be performed during view rendering. Explicitly configure spring.jpa.open-in-view to disable this warning
2024-08-06T19:01:19.064+09:00  WARN 89023 --- [    Test worker] org.hibernate.orm.deprecation            : HHH90000025: MySQL8Dialect does not need to be specified explicitly using 'hibernate.dialect' (remove the property setting and it will be selected by default)
2024-08-06T19:01:19.064+09:00  WARN 89023 --- [    Test worker] org.hibernate.orm.deprecation            : HHH90000026: MySQL8Dialect has been deprecated; use org.hibernate.dialect.MySQLDialect instead
2024-08-06T19:01:19.229+09:00  WARN 89023 --- [    Test worker] JpaBaseConfiguration$JpaWebConfiguration : spring.jpa.open-in-view is enabled by default. Therefore, database queries may be performed during view rendering. Explicitly configure spring.jpa.open-in-view to disable this warning
2024-08-06T19:01:19.827+09:00  WARN 89023 --- [    Test worker] org.hibernate.orm.deprecation            : HHH90000025: MySQL8Dialect does not need to be specified explicitly using 'hibernate.dialect' (remove the property setting and it will be selected by default)
2024-08-06T19:01:19.827+09:00  WARN 89023 --- [    Test worker] org.hibernate.orm.deprecation            : HHH90000026: MySQL8Dialect has been deprecated; use org.hibernate.dialect.MySQLDialect instead
2024-08-06T19:01:19.981+09:00  WARN 89023 --- [    Test worker] JpaBaseConfiguration$JpaWebConfiguration : spring.jpa.open-in-view is enabled by default. Therefore, database queries may be performed during view rendering. Explicitly configure spring.jpa.open-in-view to disable this warning
[2m2024-08-06T19:19:23.138+09:00[0;39m [33m WARN[0;39m [35m88921[0;39m [2m---[0;39m [2m[l-1 housekeeper][0;39m [2m[0;39m[36mcom.zaxxer.hikari.pool.HikariPool       [0;39m [2m:[0;39m HikariPool-1 - Thread starvation or clock leap detected (housekeeper delta=3m18s702ms).
[2m2024-08-06T19:58:19.386+09:00[0;39m [33m WARN[0;39m [35m88921[0;39m [2m---[0;39m [2m[l-1 housekeeper][0;39m [2m[0;39m[36mcom.zaxxer.hikari.pool.HikariPool       [0;39m [2m:[0;39m HikariPool-1 - Thread starvation or clock leap detected (housekeeper delta=9m26s27ms).
[2m2024-08-06T20:08:27.122+09:00[0;39m [33m WARN[0;39m [35m88921[0;39m [2m---[0;39m [2m[l-1 housekeeper][0;39m [2m[0;39m[36mcom.zaxxer.hikari.pool.HikariPool       [0;39m [2m:[0;39m HikariPool-1 - Thread starvation or clock leap detected (housekeeper delta=3m37s696ms).
[2m2024-08-06T20:55:58.700+09:00[0;39m [33m WARN[0;39m [35m88921[0;39m [2m---[0;39m [2m[l-1 housekeeper][0;39m [2m[0;39m[36mcom.zaxxer.hikari.pool.HikariPool       [0;39m [2m:[0;39m HikariPool-1 - Thread starvation or clock leap detected (housekeeper delta=33m31s480ms).
[2m2024-08-06T21:46:20.253+09:00[0;39m [33m WARN[0;39m [35m88921[0;39m [2m---[0;39m [2m[l-1 housekeeper][0;39m [2m[0;39m[36mcom.zaxxer.hikari.pool.HikariPool       [0;39m [2m:[0;39m HikariPool-1 - Thread starvation or clock leap detected (housekeeper delta=50m21s554ms).
