HHH90000025: MySQL8Dialect does not need to be specified explicitly using 'hibernate.dialect' (remove the property setting and it will be selected by default)

                [REQUEST_ID] : [NO REQUEST ID]

                [REQUEST_METHOD] : NO REQUEST METHOD

                [REQUEST_URI] : NO REQUEST URI

                [REQUEST_TIME] : 2024-11-11 00:47:22.823

                [REQUEST_IP] : NO REQUEST IP
HHH90000026: MySQL8Dialect has been deprecated; use org.hibernate.dialect.MySQLDialect instead

                [REQUEST_ID] : [NO REQUEST ID]

                [REQUEST_METHOD] : NO REQUEST METHOD

                [REQUEST_URI] : NO REQUEST URI

                [REQUEST_TIME] : 2024-11-11 00:47:22.823

                [REQUEST_IP] : NO REQUEST IP
HHH90000025: MySQL8Dialect does not need to be specified explicitly using 'hibernate.dialect' (remove the property setting and it will be selected by default)

                [REQUEST_ID] : [NO REQUEST ID]

                [REQUEST_METHOD] : NO REQUEST METHOD

                [REQUEST_URI] : NO REQUEST URI

                [REQUEST_TIME] : 2024-11-11 01:05:01.227

                [REQUEST_IP] : NO REQUEST IP
HHH90000026: MySQL8Dialect has been deprecated; use org.hibernate.dialect.MySQLDialect instead

                [REQUEST_ID] : [NO REQUEST ID]

                [REQUEST_METHOD] : NO REQUEST METHOD

                [REQUEST_URI] : NO REQUEST URI

                [REQUEST_TIME] : 2024-11-11 01:05:01.227

                [REQUEST_IP] : NO REQUEST IP
HHH90000025: MySQL8Dialect does not need to be specified explicitly using 'hibernate.dialect' (remove the property setting and it will be selected by default)

                [REQUEST_ID] : [NO REQUEST ID]

                [REQUEST_METHOD] : NO REQUEST METHOD

                [REQUEST_URI] : NO REQUEST URI

                [REQUEST_TIME] : 2024-11-11 01:30:47.212

                [REQUEST_IP] : NO REQUEST IP
HHH90000026: MySQL8Dialect has been deprecated; use org.hibernate.dialect.MySQLDialect instead

                [REQUEST_ID] : [NO REQUEST ID]

                [REQUEST_METHOD] : NO REQUEST METHOD

                [REQUEST_URI] : NO REQUEST URI

                [REQUEST_TIME] : 2024-11-11 01:30:47.212

                [REQUEST_IP] : NO REQUEST IP
HHH90000025: MySQL8Dialect does not need to be specified explicitly using 'hibernate.dialect' (remove the property setting and it will be selected by default)

                [REQUEST_ID] : [NO REQUEST ID]

                [REQUEST_METHOD] : NO REQUEST METHOD

                [REQUEST_URI] : NO REQUEST URI

                [REQUEST_TIME] : 2024-11-11 01:36:35.467

                [REQUEST_IP] : NO REQUEST IP
HHH90000026: MySQL8Dialect has been deprecated; use org.hibernate.dialect.MySQLDialect instead

                [REQUEST_ID] : [NO REQUEST ID]

                [REQUEST_METHOD] : NO REQUEST METHOD

                [REQUEST_URI] : NO REQUEST URI

                [REQUEST_TIME] : 2024-11-11 01:36:35.467

                [REQUEST_IP] : NO REQUEST IP
HHH90000025: MySQL8Dialect does not need to be specified explicitly using 'hibernate.dialect' (remove the property setting and it will be selected by default)

                [REQUEST_ID] : [NO REQUEST ID]

                [REQUEST_METHOD] : NO REQUEST METHOD

                [REQUEST_URI] : NO REQUEST URI

                [REQUEST_TIME] : 2024-11-11 01:57:32.316

                [REQUEST_IP] : NO REQUEST IP
HHH90000026: MySQL8Dialect has been deprecated; use org.hibernate.dialect.MySQLDialect instead

                [REQUEST_ID] : [NO REQUEST ID]

                [REQUEST_METHOD] : NO REQUEST METHOD

                [REQUEST_URI] : NO REQUEST URI

                [REQUEST_TIME] : 2024-11-11 01:57:32.317

                [REQUEST_IP] : NO REQUEST IP
HHH90000025: MySQL8Dialect does not need to be specified explicitly using 'hibernate.dialect' (remove the property setting and it will be selected by default)

                [REQUEST_ID] : [NO REQUEST ID]

                [REQUEST_METHOD] : NO REQUEST METHOD

                [REQUEST_URI] : NO REQUEST URI

                [REQUEST_TIME] : 2024-11-11 02:04:12.603

                [REQUEST_IP] : NO REQUEST IP
HHH90000026: MySQL8Dialect has been deprecated; use org.hibernate.dialect.MySQLDialect instead

                [REQUEST_ID] : [NO REQUEST ID]

                [REQUEST_METHOD] : NO REQUEST METHOD

                [REQUEST_URI] : NO REQUEST URI

                [REQUEST_TIME] : 2024-11-11 02:04:12.603

                [REQUEST_IP] : NO REQUEST IP
HHH90000025: MySQL8Dialect does not need to be specified explicitly using 'hibernate.dialect' (remove the property setting and it will be selected by default)

                [REQUEST_ID] : [NO REQUEST ID]

                [REQUEST_METHOD] : NO REQUEST METHOD

                [REQUEST_URI] : NO REQUEST URI

                [REQUEST_TIME] : 2024-11-11 02:05:13.550

                [REQUEST_IP] : NO REQUEST IP
HHH90000026: MySQL8Dialect has been deprecated; use org.hibernate.dialect.MySQLDialect instead

                [REQUEST_ID] : [NO REQUEST ID]

                [REQUEST_METHOD] : NO REQUEST METHOD

                [REQUEST_URI] : NO REQUEST URI

                [REQUEST_TIME] : 2024-11-11 02:05:13.551

                [REQUEST_IP] : NO REQUEST IP
HikariPool-1 - Thread starvation or clock leap detected (housekeeper delta=34m32s493ms).

                [REQUEST_ID] : [NO REQUEST ID]

                [REQUEST_METHOD] : NO REQUEST METHOD

                [REQUEST_URI] : NO REQUEST URI

                [REQUEST_TIME] : 2024-11-11 03:06:46.360

                [REQUEST_IP] : NO REQUEST IP
HikariPool-1 - Thread starvation or clock leap detected (housekeeper delta=1h20m7s876ms).

                [REQUEST_ID] : [NO REQUEST ID]

                [REQUEST_METHOD] : NO REQUEST METHOD

                [REQUEST_URI] : NO REQUEST URI

                [REQUEST_TIME] : 2024-11-11 04:26:54.219

                [REQUEST_IP] : NO REQUEST IP
HikariPool-1 - Thread starvation or clock leap detected (housekeeper delta=1h40m56s235ms).

                [REQUEST_ID] : [NO REQUEST ID]

                [REQUEST_METHOD] : NO REQUEST METHOD

                [REQUEST_URI] : NO REQUEST URI

                [REQUEST_TIME] : 2024-11-11 06:07:50.455

                [REQUEST_IP] : NO REQUEST IP
HikariPool-1 - Thread starvation or clock leap detected (housekeeper delta=32m4s333ms).

                [REQUEST_ID] : [NO REQUEST ID]

                [REQUEST_METHOD] : NO REQUEST METHOD

                [REQUEST_URI] : NO REQUEST URI

                [REQUEST_TIME] : 2024-11-11 06:39:54.788

                [REQUEST_IP] : NO REQUEST IP
HikariPool-1 - Thread starvation or clock leap detected (housekeeper delta=50m16s813ms).

                [REQUEST_ID] : [NO REQUEST ID]

                [REQUEST_METHOD] : NO REQUEST METHOD

                [REQUEST_URI] : NO REQUEST URI

                [REQUEST_TIME] : 2024-11-11 07:30:41.613

                [REQUEST_IP] : NO REQUEST IP
HikariPool-1 - Thread starvation or clock leap detected (housekeeper delta=1h36m40s108ms).

                [REQUEST_ID] : [NO REQUEST ID]

                [REQUEST_METHOD] : NO REQUEST METHOD

                [REQUEST_URI] : NO REQUEST URI

                [REQUEST_TIME] : 2024-11-11 09:07:21.722

                [REQUEST_IP] : NO REQUEST IP
HikariPool-1 - Thread starvation or clock leap detected (housekeeper delta=1m10s337ms).

                [REQUEST_ID] : [NO REQUEST ID]

                [REQUEST_METHOD] : NO REQUEST METHOD

                [REQUEST_URI] : NO REQUEST URI

                [REQUEST_TIME] : 2024-11-11 09:08:32.059

                [REQUEST_IP] : NO REQUEST IP
HikariPool-1 - Thread starvation or clock leap detected (housekeeper delta=25m52s556ms).

                [REQUEST_ID] : [NO REQUEST ID]

                [REQUEST_METHOD] : NO REQUEST METHOD

                [REQUEST_URI] : NO REQUEST URI

                [REQUEST_TIME] : 2024-11-11 11:44:25.717

                [REQUEST_IP] : NO REQUEST IP
HikariPool-1 - Thread starvation or clock leap detected (housekeeper delta=1m46s925ms).

                [REQUEST_ID] : [NO REQUEST ID]

                [REQUEST_METHOD] : NO REQUEST METHOD

                [REQUEST_URI] : NO REQUEST URI

                [REQUEST_TIME] : 2024-11-11 11:46:12.642

                [REQUEST_IP] : NO REQUEST IP
HikariPool-1 - Thread starvation or clock leap detected (housekeeper delta=16m29s972ms).

                [REQUEST_ID] : [NO REQUEST ID]

                [REQUEST_METHOD] : NO REQUEST METHOD

                [REQUEST_URI] : NO REQUEST URI

                [REQUEST_TIME] : 2024-11-11 12:07:12.648

                [REQUEST_IP] : NO REQUEST IP
HikariPool-1 - Thread starvation or clock leap detected (housekeeper delta=16m47s989ms).

                [REQUEST_ID] : [NO REQUEST ID]

                [REQUEST_METHOD] : NO REQUEST METHOD

                [REQUEST_URI] : NO REQUEST URI

                [REQUEST_TIME] : 2024-11-11 12:24:30.651

                [REQUEST_IP] : NO REQUEST IP
HikariPool-1 - Thread starvation or clock leap detected (housekeeper delta=9m34s781ms).

                [REQUEST_ID] : [NO REQUEST ID]

                [REQUEST_METHOD] : NO REQUEST METHOD

                [REQUEST_URI] : NO REQUEST URI

                [REQUEST_TIME] : 2024-11-11 12:35:05.475

                [REQUEST_IP] : NO REQUEST IP
HikariPool-1 - Thread starvation or clock leap detected (housekeeper delta=1m37s541ms).

                [REQUEST_ID] : [NO REQUEST ID]

                [REQUEST_METHOD] : NO REQUEST METHOD

                [REQUEST_URI] : NO REQUEST URI

                [REQUEST_TIME] : 2024-11-11 13:03:43.093

                [REQUEST_IP] : NO REQUEST IP
